2017-05-10 11:52:42.366||INFO -[Starting SpringBootDemoApplication on bogon with PID 33713 (/Users/xiaowan/Documents/studyspace/FamliyLibSys/target/classes started by xiaowan in /Users/xiaowan/Documents/studyspace/FamliyLibSys)]-[com.ch.SpringBootDemoApplication]-[main]
2017-05-10 11:52:42.377||INFO -[No active profile set, falling back to default profiles: default]-[com.ch.SpringBootDemoApplication]-[main]
2017-05-10 11:52:42.455||INFO -[Refreshing org.springframework.boot.context.embedded.AnnotationConfigEmbeddedWebApplicationContext@54e7df6a: startup date [Wed May 10 11:52:42 CST 2017]; root of context hierarchy]-[o.s.b.c.e.AnnotationConfigEmbeddedWebApplicationContext]-[main]
2017-05-10 11:52:42.560||INFO -[HV000001: Hibernate Validator 5.2.4.Final]-[o.h.validator.internal.util.Version]-[background-preinit]
2017-05-10 11:52:43.121||INFO -[Loading XML bean definitions from class path resource [application-context.xml]]-[o.s.b.f.xml.XmlBeanDefinitionReader]-[main]
2017-05-10 11:52:43.340||INFO -[Loading XML bean definitions from class path resource [threadPool.xml]]-[o.s.b.f.xml.XmlBeanDefinitionReader]-[main]
2017-05-10 11:52:43.496||INFO -[Overriding bean definition for bean 'org.springframework.transaction.config.internalTransactionAdvisor' with a different definition: replacing [Root bean: class [org.springframework.transaction.interceptor.BeanFactoryTransactionAttributeSourceAdvisor]; scope=; abstract=false; lazyInit=false; autowireMode=0; dependencyCheck=0; autowireCandidate=true; primary=false; factoryBeanName=null; factoryMethodName=null; initMethodName=null; destroyMethodName=null] with [Root bean: class [null]; scope=; abstract=false; lazyInit=false; autowireMode=3; dependencyCheck=0; autowireCandidate=true; primary=false; factoryBeanName=org.springframework.transaction.annotation.ProxyTransactionManagementConfiguration; factoryMethodName=transactionAdvisor; initMethodName=null; destroyMethodName=(inferred); defined in class path resource [org/springframework/transaction/annotation/ProxyTransactionManagementConfiguration.class]]]-[o.s.b.f.s.DefaultListableBeanFactory]-[main]
2017-05-10 11:52:43.497||INFO -[Skipping bean definition for [BeanMethod:name=transactionalEventListenerFactory,declaringClass=org.springframework.transaction.annotation.AbstractTransactionManagementConfiguration]: a definition for bean 'org.springframework.transaction.config.internalTransactionalEventListenerFactory' already exists. This top-level bean definition is considered as an override.]-[o.s.c.a.ConfigurationClassBeanDefinitionReader]-[main]
2017-05-10 11:52:43.543||WARN -[No MyBatis mapper was found in '[com.ch.jrq.dao]' package. Please check your configuration.]-[o.m.s.mapper.ClassPathMapperScanner]-[main]
2017-05-10 11:52:43.720||INFO -[Loading properties file from class path resource [config.properties]]-[o.s.c.s.PropertySourcesPlaceholderConfigurer]-[main]
2017-05-10 11:52:43.814||INFO -[Initializing ExecutorService ]-[o.s.s.c.ThreadPoolTaskExecutor]-[main]
2017-05-10 11:52:43.814||INFO -[Bean 'executor' of type [class org.springframework.scheduling.config.TaskExecutorFactoryBean] is not eligible for getting processed by all BeanPostProcessors (for example: not eligible for auto-proxying)]-[o.s.c.s.PostProcessorRegistrationDelegate$BeanPostProcessorChecker]-[main]
2017-05-10 11:52:43.814||INFO -[Bean 'executor' of type [class org.springframework.scheduling.concurrent.ThreadPoolTaskExecutor] is not eligible for getting processed by all BeanPostProcessors (for example: not eligible for auto-proxying)]-[o.s.c.s.PostProcessorRegistrationDelegate$BeanPostProcessorChecker]-[main]
2017-05-10 11:52:43.854||INFO -[Initializing ExecutorService  'scheduler']-[o.s.s.c.ThreadPoolTaskScheduler]-[main]
2017-05-10 11:52:43.854||INFO -[Bean 'scheduler' of type [class org.springframework.scheduling.concurrent.ThreadPoolTaskScheduler] is not eligible for getting processed by all BeanPostProcessors (for example: not eligible for auto-proxying)]-[o.s.c.s.PostProcessorRegistrationDelegate$BeanPostProcessorChecker]-[main]
2017-05-10 11:52:43.916||INFO -[Bean 'org.springframework.transaction.annotation.ProxyTransactionManagementConfiguration' of type [class org.springframework.transaction.annotation.ProxyTransactionManagementConfiguration$$EnhancerBySpringCGLIB$$50741e61] is not eligible for getting processed by all BeanPostProcessors (for example: not eligible for auto-proxying)]-[o.s.c.s.PostProcessorRegistrationDelegate$BeanPostProcessorChecker]-[main]
2017-05-10 11:52:44.411||INFO -[Tomcat initialized with port(s): 8080 (http)]-[o.s.b.c.e.t.TomcatEmbeddedServletContainer]-[main]
2017-05-10 11:52:44.430||INFO -[Starting service Tomcat]-[o.a.catalina.core.StandardService]-[main]
2017-05-10 11:52:44.432||INFO -[Starting Servlet Engine: Apache Tomcat/8.5.5]-[o.a.catalina.core.StandardEngine]-[main]
2017-05-10 11:52:44.712||INFO -[At least one JAR was scanned for TLDs yet contained no TLDs. Enable debug logging for this logger for a complete list of JARs that were scanned but no TLDs were found in them. Skipping unneeded JARs during scanning can improve startup time and JSP compilation time.]-[o.apache.jasper.servlet.TldScanner]-[localhost-startStop-1]
2017-05-10 11:52:44.717||INFO -[Initializing Spring embedded WebApplicationContext]-[o.a.c.c.C.[Tomcat].[localhost].[/]]-[localhost-startStop-1]
2017-05-10 11:52:44.717||INFO -[Root WebApplicationContext: initialization completed in 2262 ms]-[o.s.web.context.ContextLoader]-[localhost-startStop-1]
2017-05-10 11:52:44.949||INFO -[Mapping servlet: 'dispatcherServlet' to [/]]-[o.s.b.w.s.ServletRegistrationBean]-[localhost-startStop-1]
2017-05-10 11:52:44.959||INFO -[Mapping filter: 'characterEncodingFilter' to: [/*]]-[o.s.b.w.s.FilterRegistrationBean]-[localhost-startStop-1]
2017-05-10 11:52:44.960||INFO -[Mapping filter: 'hiddenHttpMethodFilter' to: [/*]]-[o.s.b.w.s.FilterRegistrationBean]-[localhost-startStop-1]
2017-05-10 11:52:44.960||INFO -[Mapping filter: 'httpPutFormContentFilter' to: [/*]]-[o.s.b.w.s.FilterRegistrationBean]-[localhost-startStop-1]
2017-05-10 11:52:44.960||INFO -[Mapping filter: 'requestContextFilter' to: [/*]]-[o.s.b.w.s.FilterRegistrationBean]-[localhost-startStop-1]
2017-05-10 11:52:45.029||WARN -[Exception encountered during context initialization - cancelling refresh attempt: org.springframework.beans.factory.UnsatisfiedDependencyException: Error creating bean with name 'loginController': Unsatisfied dependency expressed through field 'userInfoService': Error creating bean with name 'userInfoServiceImpl': Unsatisfied dependency expressed through field 'userInfoMapper': No qualifying bean of type [com.ch.fls.dao.UserInfoMapper] found for dependency [com.ch.fls.dao.UserInfoMapper]: expected at least 1 bean which qualifies as autowire candidate for this dependency. Dependency annotations: {@org.springframework.beans.factory.annotation.Autowired(required=true)}; nested exception is org.springframework.beans.factory.NoSuchBeanDefinitionException: No qualifying bean of type [com.ch.fls.dao.UserInfoMapper] found for dependency [com.ch.fls.dao.UserInfoMapper]: expected at least 1 bean which qualifies as autowire candidate for this dependency. Dependency annotations: {@org.springframework.beans.factory.annotation.Autowired(required=true)}; nested exception is org.springframework.beans.factory.UnsatisfiedDependencyException: Error creating bean with name 'userInfoServiceImpl': Unsatisfied dependency expressed through field 'userInfoMapper': No qualifying bean of type [com.ch.fls.dao.UserInfoMapper] found for dependency [com.ch.fls.dao.UserInfoMapper]: expected at least 1 bean which qualifies as autowire candidate for this dependency. Dependency annotations: {@org.springframework.beans.factory.annotation.Autowired(required=true)}; nested exception is org.springframework.beans.factory.NoSuchBeanDefinitionException: No qualifying bean of type [com.ch.fls.dao.UserInfoMapper] found for dependency [com.ch.fls.dao.UserInfoMapper]: expected at least 1 bean which qualifies as autowire candidate for this dependency. Dependency annotations: {@org.springframework.beans.factory.annotation.Autowired(required=true)}]-[o.s.b.c.e.AnnotationConfigEmbeddedWebApplicationContext]-[main]
2017-05-10 11:52:45.031||INFO -[Shutting down ExecutorService 'scheduler']-[o.s.s.c.ThreadPoolTaskScheduler]-[main]
2017-05-10 11:52:45.031||INFO -[Shutting down ExecutorService]-[o.s.s.c.ThreadPoolTaskExecutor]-[main]
2017-05-10 11:52:45.034||INFO -[Stopping service Tomcat]-[o.a.catalina.core.StandardService]-[main]
2017-05-10 11:52:45.047||WARN -[The web application [ROOT] appears to have started a thread named [Abandoned connection cleanup thread] but has failed to stop it. This is very likely to create a memory leak. Stack trace of thread:
 java.lang.Object.wait(Native Method)
 java.lang.ref.ReferenceQueue.remove(ReferenceQueue.java:142)
 com.mysql.jdbc.AbandonedConnectionCleanupThread.run(AbandonedConnectionCleanupThread.java:43)]-[o.a.c.loader.WebappClassLoaderBase]-[localhost-startStop-1]
2017-05-10 11:52:45.056||WARN -[Error handling failed (Error creating bean with name 'sqlSessionFactory' defined in class path resource [application-context.xml]: BeanPostProcessor before instantiation of bean failed; nested exception is org.springframework.beans.factory.BeanCreationException: Error creating bean with name 'org.springframework.transaction.annotation.ProxyTransactionManagementConfiguration': Initialization of bean failed; nested exception is org.springframework.beans.factory.NoSuchBeanDefinitionException: No bean named 'org.springframework.context.annotation.ConfigurationClassPostProcessor.importRegistry' is defined)]-[o.s.boot.SpringApplication]-[main]
2017-05-10 11:52:45.148||ERROR-[

***************************
APPLICATION FAILED TO START
***************************

Description:

Field userInfoMapper in com.ch.fls.service.impl.UserInfoServiceImpl required a bean of type 'com.ch.fls.dao.UserInfoMapper' that could not be found.


Action:

Consider defining a bean of type 'com.ch.fls.dao.UserInfoMapper' in your configuration.
]-[o.s.b.d.LoggingFailureAnalysisReporter]-[main]
2017-05-10 11:54:30.676||INFO -[Starting SpringBootDemoApplication on bogon with PID 33722 (/Users/xiaowan/Documents/studyspace/FamliyLibSys/target/classes started by xiaowan in /Users/xiaowan/Documents/studyspace/FamliyLibSys)]-[com.ch.SpringBootDemoApplication]-[main]
2017-05-10 11:54:30.682||INFO -[No active profile set, falling back to default profiles: default]-[com.ch.SpringBootDemoApplication]-[main]
2017-05-10 11:54:30.803||INFO -[Refreshing org.springframework.boot.context.embedded.AnnotationConfigEmbeddedWebApplicationContext@54e7df6a: startup date [Wed May 10 11:54:30 CST 2017]; root of context hierarchy]-[o.s.b.c.e.AnnotationConfigEmbeddedWebApplicationContext]-[main]
2017-05-10 11:54:30.861||INFO -[HV000001: Hibernate Validator 5.2.4.Final]-[o.h.validator.internal.util.Version]-[background-preinit]
2017-05-10 11:54:31.431||INFO -[Loading XML bean definitions from class path resource [application-context.xml]]-[o.s.b.f.xml.XmlBeanDefinitionReader]-[main]
2017-05-10 11:54:31.662||INFO -[Loading XML bean definitions from class path resource [threadPool.xml]]-[o.s.b.f.xml.XmlBeanDefinitionReader]-[main]
2017-05-10 11:54:31.808||INFO -[Overriding bean definition for bean 'org.springframework.transaction.config.internalTransactionAdvisor' with a different definition: replacing [Root bean: class [org.springframework.transaction.interceptor.BeanFactoryTransactionAttributeSourceAdvisor]; scope=; abstract=false; lazyInit=false; autowireMode=0; dependencyCheck=0; autowireCandidate=true; primary=false; factoryBeanName=null; factoryMethodName=null; initMethodName=null; destroyMethodName=null] with [Root bean: class [null]; scope=; abstract=false; lazyInit=false; autowireMode=3; dependencyCheck=0; autowireCandidate=true; primary=false; factoryBeanName=org.springframework.transaction.annotation.ProxyTransactionManagementConfiguration; factoryMethodName=transactionAdvisor; initMethodName=null; destroyMethodName=(inferred); defined in class path resource [org/springframework/transaction/annotation/ProxyTransactionManagementConfiguration.class]]]-[o.s.b.f.s.DefaultListableBeanFactory]-[main]
2017-05-10 11:54:31.809||INFO -[Skipping bean definition for [BeanMethod:name=transactionalEventListenerFactory,declaringClass=org.springframework.transaction.annotation.AbstractTransactionManagementConfiguration]: a definition for bean 'org.springframework.transaction.config.internalTransactionalEventListenerFactory' already exists. This top-level bean definition is considered as an override.]-[o.s.c.a.ConfigurationClassBeanDefinitionReader]-[main]
2017-05-10 11:54:32.045||INFO -[Loading properties file from class path resource [config.properties]]-[o.s.c.s.PropertySourcesPlaceholderConfigurer]-[main]
2017-05-10 11:54:32.147||INFO -[Initializing ExecutorService ]-[o.s.s.c.ThreadPoolTaskExecutor]-[main]
2017-05-10 11:54:32.147||INFO -[Bean 'executor' of type [class org.springframework.scheduling.config.TaskExecutorFactoryBean] is not eligible for getting processed by all BeanPostProcessors (for example: not eligible for auto-proxying)]-[o.s.c.s.PostProcessorRegistrationDelegate$BeanPostProcessorChecker]-[main]
2017-05-10 11:54:32.148||INFO -[Bean 'executor' of type [class org.springframework.scheduling.concurrent.ThreadPoolTaskExecutor] is not eligible for getting processed by all BeanPostProcessors (for example: not eligible for auto-proxying)]-[o.s.c.s.PostProcessorRegistrationDelegate$BeanPostProcessorChecker]-[main]
2017-05-10 11:54:32.194||INFO -[Initializing ExecutorService  'scheduler']-[o.s.s.c.ThreadPoolTaskScheduler]-[main]
2017-05-10 11:54:32.195||INFO -[Bean 'scheduler' of type [class org.springframework.scheduling.concurrent.ThreadPoolTaskScheduler] is not eligible for getting processed by all BeanPostProcessors (for example: not eligible for auto-proxying)]-[o.s.c.s.PostProcessorRegistrationDelegate$BeanPostProcessorChecker]-[main]
2017-05-10 11:54:32.243||INFO -[Bean 'dataSource' of type [class org.logicalcobwebs.proxool.ProxoolDataSource] is not eligible for getting processed by all BeanPostProcessors (for example: not eligible for auto-proxying)]-[o.s.c.s.PostProcessorRegistrationDelegate$BeanPostProcessorChecker]-[main]
2017-05-10 11:54:32.388||INFO -[Bean 'sqlSessionFactory' of type [class org.mybatis.spring.SqlSessionFactoryBean] is not eligible for getting processed by all BeanPostProcessors (for example: not eligible for auto-proxying)]-[o.s.c.s.PostProcessorRegistrationDelegate$BeanPostProcessorChecker]-[main]
2017-05-10 11:54:32.389||INFO -[Bean 'sqlSessionFactory' of type [class org.apache.ibatis.session.defaults.DefaultSqlSessionFactory] is not eligible for getting processed by all BeanPostProcessors (for example: not eligible for auto-proxying)]-[o.s.c.s.PostProcessorRegistrationDelegate$BeanPostProcessorChecker]-[main]
2017-05-10 11:54:32.469||INFO -[Bean 'userInfoMapper' of type [class org.mybatis.spring.mapper.MapperFactoryBean] is not eligible for getting processed by all BeanPostProcessors (for example: not eligible for auto-proxying)]-[o.s.c.s.PostProcessorRegistrationDelegate$BeanPostProcessorChecker]-[main]
2017-05-10 11:54:32.517||INFO -[Bean 'org.springframework.transaction.annotation.ProxyTransactionManagementConfiguration' of type [class org.springframework.transaction.annotation.ProxyTransactionManagementConfiguration$$EnhancerBySpringCGLIB$$57d2187e] is not eligible for getting processed by all BeanPostProcessors (for example: not eligible for auto-proxying)]-[o.s.c.s.PostProcessorRegistrationDelegate$BeanPostProcessorChecker]-[main]
2017-05-10 11:54:32.984||INFO -[Tomcat initialized with port(s): 8080 (http)]-[o.s.b.c.e.t.TomcatEmbeddedServletContainer]-[main]
2017-05-10 11:54:32.996||INFO -[Starting service Tomcat]-[o.a.catalina.core.StandardService]-[main]
2017-05-10 11:54:32.998||INFO -[Starting Servlet Engine: Apache Tomcat/8.5.5]-[o.a.catalina.core.StandardEngine]-[main]
2017-05-10 11:54:33.274||INFO -[At least one JAR was scanned for TLDs yet contained no TLDs. Enable debug logging for this logger for a complete list of JARs that were scanned but no TLDs were found in them. Skipping unneeded JARs during scanning can improve startup time and JSP compilation time.]-[o.apache.jasper.servlet.TldScanner]-[localhost-startStop-1]
2017-05-10 11:54:33.285||INFO -[Initializing Spring embedded WebApplicationContext]-[o.a.c.c.C.[Tomcat].[localhost].[/]]-[localhost-startStop-1]
2017-05-10 11:54:33.286||INFO -[Root WebApplicationContext: initialization completed in 2483 ms]-[o.s.web.context.ContextLoader]-[localhost-startStop-1]
2017-05-10 11:54:33.523||INFO -[Mapping servlet: 'dispatcherServlet' to [/]]-[o.s.b.w.s.ServletRegistrationBean]-[localhost-startStop-1]
2017-05-10 11:54:33.528||INFO -[Mapping filter: 'characterEncodingFilter' to: [/*]]-[o.s.b.w.s.FilterRegistrationBean]-[localhost-startStop-1]
2017-05-10 11:54:33.531||INFO -[Mapping filter: 'hiddenHttpMethodFilter' to: [/*]]-[o.s.b.w.s.FilterRegistrationBean]-[localhost-startStop-1]
2017-05-10 11:54:33.532||INFO -[Mapping filter: 'httpPutFormContentFilter' to: [/*]]-[o.s.b.w.s.FilterRegistrationBean]-[localhost-startStop-1]
2017-05-10 11:54:33.533||INFO -[Mapping filter: 'requestContextFilter' to: [/*]]-[o.s.b.w.s.FilterRegistrationBean]-[localhost-startStop-1]
2017-05-10 11:54:33.632||INFO -[Initializing ExecutorService  'threadPoolTaskExecutor']-[o.s.s.c.ThreadPoolTaskExecutor]-[main]
2017-05-10 11:54:33.937||INFO -[Looking for @ControllerAdvice: org.springframework.boot.context.embedded.AnnotationConfigEmbeddedWebApplicationContext@54e7df6a: startup date [Wed May 10 11:54:30 CST 2017]; root of context hierarchy]-[o.s.w.s.m.m.a.RequestMappingHandlerAdapter]-[main]
2017-05-10 11:54:34.028||INFO -[Mapped "{[/login/login]}" onto public java.lang.String com.ch.fls.controller.LoginController.login()]-[o.s.w.s.m.m.a.RequestMappingHandlerMapping]-[main]
2017-05-10 11:54:34.029||INFO -[Mapped "{[/login/checkLogin]}" onto public com.ch.fls.domain.FLSDataJSON com.ch.fls.controller.LoginController.checkLogin(javax.servlet.http.HttpSession,java.lang.String,java.lang.String)]-[o.s.w.s.m.m.a.RequestMappingHandlerMapping]-[main]
2017-05-10 11:54:34.032||INFO -[Mapped "{[/error]}" onto public org.springframework.http.ResponseEntity<java.util.Map<java.lang.String, java.lang.Object>> org.springframework.boot.autoconfigure.web.BasicErrorController.error(javax.servlet.http.HttpServletRequest)]-[o.s.w.s.m.m.a.RequestMappingHandlerMapping]-[main]
2017-05-10 11:54:34.033||INFO -[Mapped "{[/error],produces=[text/html]}" onto public org.springframework.web.servlet.ModelAndView org.springframework.boot.autoconfigure.web.BasicErrorController.errorHtml(javax.servlet.http.HttpServletRequest,javax.servlet.http.HttpServletResponse)]-[o.s.w.s.m.m.a.RequestMappingHandlerMapping]-[main]
2017-05-10 11:54:34.092||INFO -[Mapped URL path [/webjars/**] onto handler of type [class org.springframework.web.servlet.resource.ResourceHttpRequestHandler]]-[o.s.w.s.h.SimpleUrlHandlerMapping]-[main]
2017-05-10 11:54:34.092||INFO -[Mapped URL path [/**] onto handler of type [class org.springframework.web.servlet.resource.ResourceHttpRequestHandler]]-[o.s.w.s.h.SimpleUrlHandlerMapping]-[main]
2017-05-10 11:54:34.157||INFO -[Mapped URL path [/**/favicon.ico] onto handler of type [class org.springframework.web.servlet.resource.ResourceHttpRequestHandler]]-[o.s.w.s.h.SimpleUrlHandlerMapping]-[main]
2017-05-10 11:54:34.691||INFO -[Registering beans for JMX exposure on startup]-[o.s.j.e.a.AnnotationMBeanExporter]-[main]
2017-05-10 11:54:34.713||INFO -[Initializing ProtocolHandler ["http-nio-8080"]]-[o.a.coyote.http11.Http11NioProtocol]-[main]
2017-05-10 11:54:34.728||INFO -[Starting ProtocolHandler [http-nio-8080]]-[o.a.coyote.http11.Http11NioProtocol]-[main]
2017-05-10 11:54:34.752||INFO -[Using a shared selector for servlet write/read]-[o.a.tomcat.util.net.NioSelectorPool]-[main]
2017-05-10 11:54:34.788||INFO -[Tomcat started on port(s): 8080 (http)]-[o.s.b.c.e.t.TomcatEmbeddedServletContainer]-[main]
2017-05-10 11:54:34.794||INFO -[Started SpringBootDemoApplication in 4.613 seconds (JVM running for 5.241)]-[com.ch.SpringBootDemoApplication]-[main]
2017-05-10 11:54:46.113||INFO -[Initializing Spring FrameworkServlet 'dispatcherServlet']-[o.a.c.c.C.[Tomcat].[localhost].[/]]-[http-nio-8080-exec-1]
2017-05-10 11:54:46.114||INFO -[FrameworkServlet 'dispatcherServlet': initialization started]-[o.s.web.servlet.DispatcherServlet]-[http-nio-8080-exec-1]
2017-05-10 11:54:46.137||INFO -[FrameworkServlet 'dispatcherServlet': initialization completed in 22 ms]-[o.s.web.servlet.DispatcherServlet]-[http-nio-8080-exec-1]
2017-05-10 11:56:13.043||INFO -[Starting SpringBootDemoApplication on bogon with PID 33728 (/Users/xiaowan/Documents/studyspace/FamliyLibSys/target/classes started by xiaowan in /Users/xiaowan/Documents/studyspace/FamliyLibSys)]-[com.ch.SpringBootDemoApplication]-[main]
2017-05-10 11:56:13.047||INFO -[No active profile set, falling back to default profiles: default]-[com.ch.SpringBootDemoApplication]-[main]
2017-05-10 11:56:13.110||INFO -[Refreshing org.springframework.boot.context.embedded.AnnotationConfigEmbeddedWebApplicationContext@54e7df6a: startup date [Wed May 10 11:56:13 CST 2017]; root of context hierarchy]-[o.s.b.c.e.AnnotationConfigEmbeddedWebApplicationContext]-[main]
2017-05-10 11:56:13.183||INFO -[HV000001: Hibernate Validator 5.2.4.Final]-[o.h.validator.internal.util.Version]-[background-preinit]
2017-05-10 11:56:13.641||INFO -[Loading XML bean definitions from class path resource [application-context.xml]]-[o.s.b.f.xml.XmlBeanDefinitionReader]-[main]
2017-05-10 11:56:13.820||INFO -[Loading XML bean definitions from class path resource [threadPool.xml]]-[o.s.b.f.xml.XmlBeanDefinitionReader]-[main]
2017-05-10 11:56:13.949||INFO -[Overriding bean definition for bean 'org.springframework.transaction.config.internalTransactionAdvisor' with a different definition: replacing [Root bean: class [org.springframework.transaction.interceptor.BeanFactoryTransactionAttributeSourceAdvisor]; scope=; abstract=false; lazyInit=false; autowireMode=0; dependencyCheck=0; autowireCandidate=true; primary=false; factoryBeanName=null; factoryMethodName=null; initMethodName=null; destroyMethodName=null] with [Root bean: class [null]; scope=; abstract=false; lazyInit=false; autowireMode=3; dependencyCheck=0; autowireCandidate=true; primary=false; factoryBeanName=org.springframework.transaction.annotation.ProxyTransactionManagementConfiguration; factoryMethodName=transactionAdvisor; initMethodName=null; destroyMethodName=(inferred); defined in class path resource [org/springframework/transaction/annotation/ProxyTransactionManagementConfiguration.class]]]-[o.s.b.f.s.DefaultListableBeanFactory]-[main]
2017-05-10 11:56:13.950||INFO -[Skipping bean definition for [BeanMethod:name=transactionalEventListenerFactory,declaringClass=org.springframework.transaction.annotation.AbstractTransactionManagementConfiguration]: a definition for bean 'org.springframework.transaction.config.internalTransactionalEventListenerFactory' already exists. This top-level bean definition is considered as an override.]-[o.s.c.a.ConfigurationClassBeanDefinitionReader]-[main]
2017-05-10 11:56:14.180||INFO -[Loading properties file from class path resource [config.properties]]-[o.s.c.s.PropertySourcesPlaceholderConfigurer]-[main]
2017-05-10 11:56:14.272||INFO -[Initializing ExecutorService ]-[o.s.s.c.ThreadPoolTaskExecutor]-[main]
2017-05-10 11:56:14.273||INFO -[Bean 'executor' of type [class org.springframework.scheduling.config.TaskExecutorFactoryBean] is not eligible for getting processed by all BeanPostProcessors (for example: not eligible for auto-proxying)]-[o.s.c.s.PostProcessorRegistrationDelegate$BeanPostProcessorChecker]-[main]
2017-05-10 11:56:14.273||INFO -[Bean 'executor' of type [class org.springframework.scheduling.concurrent.ThreadPoolTaskExecutor] is not eligible for getting processed by all BeanPostProcessors (for example: not eligible for auto-proxying)]-[o.s.c.s.PostProcessorRegistrationDelegate$BeanPostProcessorChecker]-[main]
2017-05-10 11:56:14.307||INFO -[Initializing ExecutorService  'scheduler']-[o.s.s.c.ThreadPoolTaskScheduler]-[main]
2017-05-10 11:56:14.308||INFO -[Bean 'scheduler' of type [class org.springframework.scheduling.concurrent.ThreadPoolTaskScheduler] is not eligible for getting processed by all BeanPostProcessors (for example: not eligible for auto-proxying)]-[o.s.c.s.PostProcessorRegistrationDelegate$BeanPostProcessorChecker]-[main]
2017-05-10 11:56:14.345||INFO -[Bean 'dataSource' of type [class org.logicalcobwebs.proxool.ProxoolDataSource] is not eligible for getting processed by all BeanPostProcessors (for example: not eligible for auto-proxying)]-[o.s.c.s.PostProcessorRegistrationDelegate$BeanPostProcessorChecker]-[main]
2017-05-10 11:56:14.424||INFO -[Bean 'sqlSessionFactory' of type [class org.mybatis.spring.SqlSessionFactoryBean] is not eligible for getting processed by all BeanPostProcessors (for example: not eligible for auto-proxying)]-[o.s.c.s.PostProcessorRegistrationDelegate$BeanPostProcessorChecker]-[main]
2017-05-10 11:56:14.424||INFO -[Bean 'sqlSessionFactory' of type [class org.apache.ibatis.session.defaults.DefaultSqlSessionFactory] is not eligible for getting processed by all BeanPostProcessors (for example: not eligible for auto-proxying)]-[o.s.c.s.PostProcessorRegistrationDelegate$BeanPostProcessorChecker]-[main]
2017-05-10 11:56:14.482||INFO -[Bean 'userInfoMapper' of type [class org.mybatis.spring.mapper.MapperFactoryBean] is not eligible for getting processed by all BeanPostProcessors (for example: not eligible for auto-proxying)]-[o.s.c.s.PostProcessorRegistrationDelegate$BeanPostProcessorChecker]-[main]
2017-05-10 11:56:14.524||INFO -[Bean 'org.springframework.transaction.annotation.ProxyTransactionManagementConfiguration' of type [class org.springframework.transaction.annotation.ProxyTransactionManagementConfiguration$$EnhancerBySpringCGLIB$$fef736d7] is not eligible for getting processed by all BeanPostProcessors (for example: not eligible for auto-proxying)]-[o.s.c.s.PostProcessorRegistrationDelegate$BeanPostProcessorChecker]-[main]
2017-05-10 11:56:14.994||INFO -[Tomcat initialized with port(s): 8080 (http)]-[o.s.b.c.e.t.TomcatEmbeddedServletContainer]-[main]
2017-05-10 11:56:15.007||INFO -[Starting service Tomcat]-[o.a.catalina.core.StandardService]-[main]
2017-05-10 11:56:15.008||INFO -[Starting Servlet Engine: Apache Tomcat/8.5.5]-[o.a.catalina.core.StandardEngine]-[main]
2017-05-10 11:56:15.267||INFO -[At least one JAR was scanned for TLDs yet contained no TLDs. Enable debug logging for this logger for a complete list of JARs that were scanned but no TLDs were found in them. Skipping unneeded JARs during scanning can improve startup time and JSP compilation time.]-[o.apache.jasper.servlet.TldScanner]-[localhost-startStop-1]
2017-05-10 11:56:15.272||INFO -[Initializing Spring embedded WebApplicationContext]-[o.a.c.c.C.[Tomcat].[localhost].[/]]-[localhost-startStop-1]
2017-05-10 11:56:15.272||INFO -[Root WebApplicationContext: initialization completed in 2162 ms]-[o.s.web.context.ContextLoader]-[localhost-startStop-1]
2017-05-10 11:56:15.451||INFO -[Mapping servlet: 'dispatcherServlet' to [/]]-[o.s.b.w.s.ServletRegistrationBean]-[localhost-startStop-1]
2017-05-10 11:56:15.457||INFO -[Mapping filter: 'characterEncodingFilter' to: [/*]]-[o.s.b.w.s.FilterRegistrationBean]-[localhost-startStop-1]
2017-05-10 11:56:15.457||INFO -[Mapping filter: 'hiddenHttpMethodFilter' to: [/*]]-[o.s.b.w.s.FilterRegistrationBean]-[localhost-startStop-1]
2017-05-10 11:56:15.457||INFO -[Mapping filter: 'httpPutFormContentFilter' to: [/*]]-[o.s.b.w.s.FilterRegistrationBean]-[localhost-startStop-1]
2017-05-10 11:56:15.457||INFO -[Mapping filter: 'requestContextFilter' to: [/*]]-[o.s.b.w.s.FilterRegistrationBean]-[localhost-startStop-1]
2017-05-10 11:56:15.546||INFO -[Initializing ExecutorService  'threadPoolTaskExecutor']-[o.s.s.c.ThreadPoolTaskExecutor]-[main]
2017-05-10 11:56:15.826||INFO -[Looking for @ControllerAdvice: org.springframework.boot.context.embedded.AnnotationConfigEmbeddedWebApplicationContext@54e7df6a: startup date [Wed May 10 11:56:13 CST 2017]; root of context hierarchy]-[o.s.w.s.m.m.a.RequestMappingHandlerAdapter]-[main]
2017-05-10 11:56:15.905||INFO -[Mapped "{[/login/login]}" onto public java.lang.String com.ch.fls.controller.LoginController.login()]-[o.s.w.s.m.m.a.RequestMappingHandlerMapping]-[main]
2017-05-10 11:56:15.906||INFO -[Mapped "{[/login/checkLogin]}" onto public com.ch.fls.domain.FLSDataJSON com.ch.fls.controller.LoginController.checkLogin(javax.servlet.http.HttpSession,java.lang.String,java.lang.String)]-[o.s.w.s.m.m.a.RequestMappingHandlerMapping]-[main]
2017-05-10 11:56:15.909||INFO -[Mapped "{[/error]}" onto public org.springframework.http.ResponseEntity<java.util.Map<java.lang.String, java.lang.Object>> org.springframework.boot.autoconfigure.web.BasicErrorController.error(javax.servlet.http.HttpServletRequest)]-[o.s.w.s.m.m.a.RequestMappingHandlerMapping]-[main]
2017-05-10 11:56:15.909||INFO -[Mapped "{[/error],produces=[text/html]}" onto public org.springframework.web.servlet.ModelAndView org.springframework.boot.autoconfigure.web.BasicErrorController.errorHtml(javax.servlet.http.HttpServletRequest,javax.servlet.http.HttpServletResponse)]-[o.s.w.s.m.m.a.RequestMappingHandlerMapping]-[main]
2017-05-10 11:56:15.964||INFO -[Mapped URL path [/webjars/**] onto handler of type [class org.springframework.web.servlet.resource.ResourceHttpRequestHandler]]-[o.s.w.s.h.SimpleUrlHandlerMapping]-[main]
2017-05-10 11:56:15.964||INFO -[Mapped URL path [/**] onto handler of type [class org.springframework.web.servlet.resource.ResourceHttpRequestHandler]]-[o.s.w.s.h.SimpleUrlHandlerMapping]-[main]
2017-05-10 11:56:16.017||INFO -[Mapped URL path [/**/favicon.ico] onto handler of type [class org.springframework.web.servlet.resource.ResourceHttpRequestHandler]]-[o.s.w.s.h.SimpleUrlHandlerMapping]-[main]
2017-05-10 11:56:16.495||INFO -[Registering beans for JMX exposure on startup]-[o.s.j.e.a.AnnotationMBeanExporter]-[main]
2017-05-10 11:56:16.516||INFO -[Initializing ProtocolHandler ["http-nio-8080"]]-[o.a.coyote.http11.Http11NioProtocol]-[main]
2017-05-10 11:56:16.531||INFO -[Starting ProtocolHandler [http-nio-8080]]-[o.a.coyote.http11.Http11NioProtocol]-[main]
2017-05-10 11:56:16.555||INFO -[Using a shared selector for servlet write/read]-[o.a.tomcat.util.net.NioSelectorPool]-[main]
2017-05-10 11:56:16.589||INFO -[Tomcat started on port(s): 8080 (http)]-[o.s.b.c.e.t.TomcatEmbeddedServletContainer]-[main]
2017-05-10 11:56:16.594||INFO -[Started SpringBootDemoApplication in 4.008 seconds (JVM running for 4.58)]-[com.ch.SpringBootDemoApplication]-[main]
2017-05-10 11:56:29.199||INFO -[Initializing Spring FrameworkServlet 'dispatcherServlet']-[o.a.c.c.C.[Tomcat].[localhost].[/]]-[http-nio-8080-exec-1]
2017-05-10 11:56:29.200||INFO -[FrameworkServlet 'dispatcherServlet': initialization started]-[o.s.web.servlet.DispatcherServlet]-[http-nio-8080-exec-1]
2017-05-10 11:56:29.221||INFO -[FrameworkServlet 'dispatcherServlet': initialization completed in 21 ms]-[o.s.web.servlet.DispatcherServlet]-[http-nio-8080-exec-1]
2017-05-10 13:39:59.767||INFO -[Starting SpringBootDemoApplication on bogon with PID 34003 (/Users/xiaowan/Documents/studyspace/FamliyLibSys/target/classes started by xiaowan in /Users/xiaowan/Documents/studyspace/FamliyLibSys)]-[com.ch.SpringBootDemoApplication]-[main]
2017-05-10 13:39:59.769||INFO -[No active profile set, falling back to default profiles: default]-[com.ch.SpringBootDemoApplication]-[main]
2017-05-10 13:39:59.823||INFO -[Refreshing org.springframework.boot.context.embedded.AnnotationConfigEmbeddedWebApplicationContext@69453e37: startup date [Wed May 10 13:39:59 CST 2017]; root of context hierarchy]-[o.s.b.c.e.AnnotationConfigEmbeddedWebApplicationContext]-[main]
2017-05-10 13:39:59.908||INFO -[HV000001: Hibernate Validator 5.2.4.Final]-[o.h.validator.internal.util.Version]-[background-preinit]
2017-05-10 13:40:00.278||INFO -[Loading XML bean definitions from class path resource [application-context.xml]]-[o.s.b.f.xml.XmlBeanDefinitionReader]-[main]
2017-05-10 13:40:00.444||INFO -[Loading XML bean definitions from class path resource [threadPool.xml]]-[o.s.b.f.xml.XmlBeanDefinitionReader]-[main]
2017-05-10 13:40:00.562||INFO -[Overriding bean definition for bean 'org.springframework.transaction.config.internalTransactionAdvisor' with a different definition: replacing [Root bean: class [org.springframework.transaction.interceptor.BeanFactoryTransactionAttributeSourceAdvisor]; scope=; abstract=false; lazyInit=false; autowireMode=0; dependencyCheck=0; autowireCandidate=true; primary=false; factoryBeanName=null; factoryMethodName=null; initMethodName=null; destroyMethodName=null] with [Root bean: class [null]; scope=; abstract=false; lazyInit=false; autowireMode=3; dependencyCheck=0; autowireCandidate=true; primary=false; factoryBeanName=org.springframework.transaction.annotation.ProxyTransactionManagementConfiguration; factoryMethodName=transactionAdvisor; initMethodName=null; destroyMethodName=(inferred); defined in class path resource [org/springframework/transaction/annotation/ProxyTransactionManagementConfiguration.class]]]-[o.s.b.f.s.DefaultListableBeanFactory]-[main]
2017-05-10 13:40:00.564||INFO -[Skipping bean definition for [BeanMethod:name=transactionalEventListenerFactory,declaringClass=org.springframework.transaction.annotation.AbstractTransactionManagementConfiguration]: a definition for bean 'org.springframework.transaction.config.internalTransactionalEventListenerFactory' already exists. This top-level bean definition is considered as an override.]-[o.s.c.a.ConfigurationClassBeanDefinitionReader]-[main]
2017-05-10 13:40:00.748||INFO -[Loading properties file from class path resource [config.properties]]-[o.s.c.s.PropertySourcesPlaceholderConfigurer]-[main]
2017-05-10 13:40:00.813||INFO -[Initializing ExecutorService ]-[o.s.s.c.ThreadPoolTaskExecutor]-[main]
2017-05-10 13:40:00.814||INFO -[Bean 'executor' of type [class org.springframework.scheduling.config.TaskExecutorFactoryBean] is not eligible for getting processed by all BeanPostProcessors (for example: not eligible for auto-proxying)]-[o.s.c.s.PostProcessorRegistrationDelegate$BeanPostProcessorChecker]-[main]
2017-05-10 13:40:00.814||INFO -[Bean 'executor' of type [class org.springframework.scheduling.concurrent.ThreadPoolTaskExecutor] is not eligible for getting processed by all BeanPostProcessors (for example: not eligible for auto-proxying)]-[o.s.c.s.PostProcessorRegistrationDelegate$BeanPostProcessorChecker]-[main]
2017-05-10 13:40:00.839||INFO -[Initializing ExecutorService  'scheduler']-[o.s.s.c.ThreadPoolTaskScheduler]-[main]
2017-05-10 13:40:00.839||INFO -[Bean 'scheduler' of type [class org.springframework.scheduling.concurrent.ThreadPoolTaskScheduler] is not eligible for getting processed by all BeanPostProcessors (for example: not eligible for auto-proxying)]-[o.s.c.s.PostProcessorRegistrationDelegate$BeanPostProcessorChecker]-[main]
2017-05-10 13:40:00.863||INFO -[Bean 'dataSource' of type [class org.logicalcobwebs.proxool.ProxoolDataSource] is not eligible for getting processed by all BeanPostProcessors (for example: not eligible for auto-proxying)]-[o.s.c.s.PostProcessorRegistrationDelegate$BeanPostProcessorChecker]-[main]
2017-05-10 13:40:00.926||INFO -[Bean 'sqlSessionFactory' of type [class org.mybatis.spring.SqlSessionFactoryBean] is not eligible for getting processed by all BeanPostProcessors (for example: not eligible for auto-proxying)]-[o.s.c.s.PostProcessorRegistrationDelegate$BeanPostProcessorChecker]-[main]
2017-05-10 13:40:00.926||INFO -[Bean 'sqlSessionFactory' of type [class org.apache.ibatis.session.defaults.DefaultSqlSessionFactory] is not eligible for getting processed by all BeanPostProcessors (for example: not eligible for auto-proxying)]-[o.s.c.s.PostProcessorRegistrationDelegate$BeanPostProcessorChecker]-[main]
2017-05-10 13:40:00.977||INFO -[Bean 'userInfoMapper' of type [class org.mybatis.spring.mapper.MapperFactoryBean] is not eligible for getting processed by all BeanPostProcessors (for example: not eligible for auto-proxying)]-[o.s.c.s.PostProcessorRegistrationDelegate$BeanPostProcessorChecker]-[main]
2017-05-10 13:40:01.013||INFO -[Bean 'org.springframework.transaction.annotation.ProxyTransactionManagementConfiguration' of type [class org.springframework.transaction.annotation.ProxyTransactionManagementConfiguration$$EnhancerBySpringCGLIB$$c1ba73fc] is not eligible for getting processed by all BeanPostProcessors (for example: not eligible for auto-proxying)]-[o.s.c.s.PostProcessorRegistrationDelegate$BeanPostProcessorChecker]-[main]
2017-05-10 13:40:01.397||INFO -[Tomcat initialized with port(s): 8080 (http)]-[o.s.b.c.e.t.TomcatEmbeddedServletContainer]-[main]
2017-05-10 13:40:01.409||INFO -[Starting service Tomcat]-[o.a.catalina.core.StandardService]-[main]
2017-05-10 13:40:01.411||INFO -[Starting Servlet Engine: Apache Tomcat/8.5.5]-[o.a.catalina.core.StandardEngine]-[main]
2017-05-10 13:40:01.661||INFO -[At least one JAR was scanned for TLDs yet contained no TLDs. Enable debug logging for this logger for a complete list of JARs that were scanned but no TLDs were found in them. Skipping unneeded JARs during scanning can improve startup time and JSP compilation time.]-[o.apache.jasper.servlet.TldScanner]-[localhost-startStop-1]
2017-05-10 13:40:01.665||INFO -[Initializing Spring embedded WebApplicationContext]-[o.a.c.c.C.[Tomcat].[localhost].[/]]-[localhost-startStop-1]
2017-05-10 13:40:01.665||INFO -[Root WebApplicationContext: initialization completed in 1842 ms]-[o.s.web.context.ContextLoader]-[localhost-startStop-1]
2017-05-10 13:40:01.796||INFO -[Mapping servlet: 'dispatcherServlet' to [/]]-[o.s.b.w.s.ServletRegistrationBean]-[localhost-startStop-1]
2017-05-10 13:40:01.800||INFO -[Mapping filter: 'characterEncodingFilter' to: [/*]]-[o.s.b.w.s.FilterRegistrationBean]-[localhost-startStop-1]
2017-05-10 13:40:01.800||INFO -[Mapping filter: 'hiddenHttpMethodFilter' to: [/*]]-[o.s.b.w.s.FilterRegistrationBean]-[localhost-startStop-1]
2017-05-10 13:40:01.800||INFO -[Mapping filter: 'httpPutFormContentFilter' to: [/*]]-[o.s.b.w.s.FilterRegistrationBean]-[localhost-startStop-1]
2017-05-10 13:40:01.801||INFO -[Mapping filter: 'requestContextFilter' to: [/*]]-[o.s.b.w.s.FilterRegistrationBean]-[localhost-startStop-1]
2017-05-10 13:40:01.882||INFO -[Initializing ExecutorService  'threadPoolTaskExecutor']-[o.s.s.c.ThreadPoolTaskExecutor]-[main]
2017-05-10 13:40:02.098||INFO -[Looking for @ControllerAdvice: org.springframework.boot.context.embedded.AnnotationConfigEmbeddedWebApplicationContext@69453e37: startup date [Wed May 10 13:39:59 CST 2017]; root of context hierarchy]-[o.s.w.s.m.m.a.RequestMappingHandlerAdapter]-[main]
2017-05-10 13:40:02.153||INFO -[Mapped "{[/login/login]}" onto public java.lang.String com.ch.fls.controller.LoginController.login()]-[o.s.w.s.m.m.a.RequestMappingHandlerMapping]-[main]
2017-05-10 13:40:02.155||INFO -[Mapped "{[/login/checkLogin]}" onto public com.ch.fls.domain.FLSDataJSON com.ch.fls.controller.LoginController.checkLogin(javax.servlet.http.HttpSession,java.lang.String,java.lang.String)]-[o.s.w.s.m.m.a.RequestMappingHandlerMapping]-[main]
2017-05-10 13:40:02.157||INFO -[Mapped "{[/error]}" onto public org.springframework.http.ResponseEntity<java.util.Map<java.lang.String, java.lang.Object>> org.springframework.boot.autoconfigure.web.BasicErrorController.error(javax.servlet.http.HttpServletRequest)]-[o.s.w.s.m.m.a.RequestMappingHandlerMapping]-[main]
2017-05-10 13:40:02.157||INFO -[Mapped "{[/error],produces=[text/html]}" onto public org.springframework.web.servlet.ModelAndView org.springframework.boot.autoconfigure.web.BasicErrorController.errorHtml(javax.servlet.http.HttpServletRequest,javax.servlet.http.HttpServletResponse)]-[o.s.w.s.m.m.a.RequestMappingHandlerMapping]-[main]
2017-05-10 13:40:02.186||INFO -[Mapped URL path [/webjars/**] onto handler of type [class org.springframework.web.servlet.resource.ResourceHttpRequestHandler]]-[o.s.w.s.h.SimpleUrlHandlerMapping]-[main]
2017-05-10 13:40:02.186||INFO -[Mapped URL path [/**] onto handler of type [class org.springframework.web.servlet.resource.ResourceHttpRequestHandler]]-[o.s.w.s.h.SimpleUrlHandlerMapping]-[main]
2017-05-10 13:40:02.223||INFO -[Mapped URL path [/**/favicon.ico] onto handler of type [class org.springframework.web.servlet.resource.ResourceHttpRequestHandler]]-[o.s.w.s.h.SimpleUrlHandlerMapping]-[main]
2017-05-10 13:40:02.539||INFO -[Registering beans for JMX exposure on startup]-[o.s.j.e.a.AnnotationMBeanExporter]-[main]
2017-05-10 13:40:02.554||INFO -[Initializing ProtocolHandler ["http-nio-8080"]]-[o.a.coyote.http11.Http11NioProtocol]-[main]
2017-05-10 13:40:02.566||INFO -[Starting ProtocolHandler [http-nio-8080]]-[o.a.coyote.http11.Http11NioProtocol]-[main]
2017-05-10 13:40:02.587||INFO -[Using a shared selector for servlet write/read]-[o.a.tomcat.util.net.NioSelectorPool]-[main]
2017-05-10 13:40:02.606||INFO -[Tomcat started on port(s): 8080 (http)]-[o.s.b.c.e.t.TomcatEmbeddedServletContainer]-[main]
2017-05-10 13:40:02.610||INFO -[Started SpringBootDemoApplication in 3.203 seconds (JVM running for 3.689)]-[com.ch.SpringBootDemoApplication]-[main]
2017-05-10 13:40:09.017||INFO -[Initializing Spring FrameworkServlet 'dispatcherServlet']-[o.a.c.c.C.[Tomcat].[localhost].[/]]-[http-nio-8080-exec-1]
2017-05-10 13:40:09.017||INFO -[FrameworkServlet 'dispatcherServlet': initialization started]-[o.s.web.servlet.DispatcherServlet]-[http-nio-8080-exec-1]
2017-05-10 13:40:09.032||INFO -[FrameworkServlet 'dispatcherServlet': initialization completed in 15 ms]-[o.s.web.servlet.DispatcherServlet]-[http-nio-8080-exec-1]
2017-05-10 13:42:10.097||INFO -[Shutting down 'null' pool immediately [Shutdown Hook]]-[org.logicalcobwebs.proxool.null]-[Shutdown Hook]
2017-05-10 13:42:10.097||INFO -[Closing org.springframework.boot.context.embedded.AnnotationConfigEmbeddedWebApplicationContext@69453e37: startup date [Wed May 10 13:39:59 CST 2017]; root of context hierarchy]-[o.s.b.c.e.AnnotationConfigEmbeddedWebApplicationContext]-[Thread-2]
2017-05-10 13:42:10.099||INFO -[Unregistering JMX-exposed beans on shutdown]-[o.s.j.e.a.AnnotationMBeanExporter]-[Thread-2]
2017-05-10 13:42:10.100||INFO -[Stopping Prototyper thread]-[o.l.proxool.PrototyperController]-[Shutdown Hook]
2017-05-10 13:42:10.100||INFO -[Stopping HouseKeeper thread]-[o.l.proxool.HouseKeeperController]-[Shutdown Hook]
2017-05-10 13:42:10.100||INFO -[Shutting down ExecutorService 'threadPoolTaskExecutor']-[o.s.s.c.ThreadPoolTaskExecutor]-[Thread-2]
2017-05-10 13:42:10.101||INFO -[Shutting down ExecutorService 'scheduler']-[o.s.s.c.ThreadPoolTaskScheduler]-[Thread-2]
2017-05-10 13:42:10.101||INFO -[Shutting down ExecutorService]-[o.s.s.c.ThreadPoolTaskExecutor]-[Thread-2]
